[debug] [2022-06-09T17:09:44.304Z] ----------------------------------------------------------------------
[debug] [2022-06-09T17:09:44.307Z] Command:       C:\Program Files\nodejs\node.exe C:\Users\HC\AppData\Roaming\npm\node_modules\firebase-tools\lib\bin\firebase.js deploy
[debug] [2022-06-09T17:09:44.308Z] CLI Version:   11.0.1
[debug] [2022-06-09T17:09:44.308Z] Platform:      win32
[debug] [2022-06-09T17:09:44.308Z] Node Version:  v16.13.1
[debug] [2022-06-09T17:09:44.309Z] Time:          Thu Jun 09 2022 23:09:44 GMT+0600 (Bangladesh Standard Time)
[debug] [2022-06-09T17:09:44.310Z] ----------------------------------------------------------------------
[debug] 
[debug] [2022-06-09T17:09:44.406Z] > command requires scopes: ["email","openid","https://www.googleapis.com/auth/cloudplatformprojects.readonly","https://www.googleapis.com/auth/firebase","https://www.googleapis.com/auth/cloud-platform"]
[debug] [2022-06-09T17:09:44.407Z] > authorizing via signed-in user (mdriazuddin417@gmail.com)
[debug] [2022-06-09T17:09:44.407Z] [iam] checking project my-portfolio-4befe for permissions ["firebase.projects.get","firebasehosting.sites.update"]
[debug] [2022-06-09T17:09:44.410Z] >>> [apiv2][query] POST https://cloudresourcemanager.googleapis.com/v1/projects/my-portfolio-4befe:testIamPermissions [none]
[debug] [2022-06-09T17:09:44.410Z] >>> [apiv2][body] POST https://cloudresourcemanager.googleapis.com/v1/projects/my-portfolio-4befe:testIamPermissions {"permissions":["firebase.projects.get","firebasehosting.sites.update"]}
[debug] [2022-06-09T17:09:49.938Z] <<< [apiv2][status] POST https://cloudresourcemanager.googleapis.com/v1/projects/my-portfolio-4befe:testIamPermissions 200
[debug] [2022-06-09T17:09:49.938Z] <<< [apiv2][body] POST https://cloudresourcemanager.googleapis.com/v1/projects/my-portfolio-4befe:testIamPermissions {"permissions":["firebase.projects.get","firebasehosting.sites.update"]}
[debug] [2022-06-09T17:09:49.941Z] >>> [apiv2][query] GET https://firebase.googleapis.com/v1beta1/projects/my-portfolio-4befe [none]
[debug] [2022-06-09T17:09:57.842Z] <<< [apiv2][status] GET https://firebase.googleapis.com/v1beta1/projects/my-portfolio-4befe 200
[debug] [2022-06-09T17:09:57.842Z] <<< [apiv2][body] GET https://firebase.googleapis.com/v1beta1/projects/my-portfolio-4befe {"projectId":"my-portfolio-4befe","projectNumber":"558394801912","displayName":"My Portfolio","name":"projects/my-portfolio-4befe","resources":{"hostingSite":"my-portfolio-4befe"},"state":"ACTIVE"}
[info] 
[info] === Deploying to 'my-portfolio-4befe'...
[info] 
[info] i  deploying hosting 
[debug] [2022-06-09T17:09:57.852Z] >>> [apiv2][query] GET https://firebase.googleapis.com/v1beta1/projects/my-portfolio-4befe [none]
[debug] [2022-06-09T17:09:59.827Z] <<< [apiv2][status] GET https://firebase.googleapis.com/v1beta1/projects/my-portfolio-4befe 200
[debug] [2022-06-09T17:09:59.828Z] <<< [apiv2][body] GET https://firebase.googleapis.com/v1beta1/projects/my-portfolio-4befe {"projectId":"my-portfolio-4befe","projectNumber":"558394801912","displayName":"My Portfolio","name":"projects/my-portfolio-4befe","resources":{"hostingSite":"my-portfolio-4befe"},"state":"ACTIVE"}
[debug] [2022-06-09T17:09:59.833Z] >>> [apiv2][query] POST https://firebasehosting.googleapis.com/v1beta1/projects/558394801912/sites/my-portfolio-4befe/versions [none]
[debug] [2022-06-09T17:09:59.834Z] >>> [apiv2][body] POST https://firebasehosting.googleapis.com/v1beta1/projects/558394801912/sites/my-portfolio-4befe/versions {"config":{"rewrites":[{"glob":"**","path":"/index.html"}]},"labels":{"deployment-tool":"cli-firebase"}}
[debug] [2022-06-09T17:10:04.816Z] <<< [apiv2][status] POST https://firebasehosting.googleapis.com/v1beta1/projects/558394801912/sites/my-portfolio-4befe/versions 200
[debug] [2022-06-09T17:10:04.816Z] <<< [apiv2][body] POST https://firebasehosting.googleapis.com/v1beta1/projects/558394801912/sites/my-portfolio-4befe/versions {"name":"projects/558394801912/sites/my-portfolio-4befe/versions/8a682a290bf2b2db","status":"CREATED","config":{"rewrites":[{"glob":"**","path":"/index.html"}]},"labels":{"deployment-tool":"cli-firebase"}}
[info] i  hosting[my-portfolio-4befe]: beginning deploy... 
[info] i  hosting[my-portfolio-4befe]: found 20 files in build 
[debug] [2022-06-09T17:10:04.864Z] [hosting] uploading with 200 concurrency
[debug] [2022-06-09T17:10:04.879Z] [hosting] hash cache [YnVpbGQ] stored for 20 files
[debug] [2022-06-09T17:10:04.879Z] [hosting][hash queue][FINAL] {"max":5,"min":1,"avg":1,"active":0,"complete":20,"success":20,"errored":0,"retried":0,"total":20,"elapsed":10}
[debug] [2022-06-09T17:10:04.881Z] >>> [apiv2][query] POST https://firebasehosting.googleapis.com/v1beta1/projects/558394801912/sites/my-portfolio-4befe/versions/8a682a290bf2b2db:populateFiles [none]
[debug] [2022-06-09T17:10:04.881Z] >>> [apiv2][body] POST https://firebasehosting.googleapis.com/v1beta1/projects/558394801912/sites/my-portfolio-4befe/versions/8a682a290bf2b2db:populateFiles {"files":{"/asset-manifest.json":"f72a6953a263df9efb7e255e043564f3084fcd33b93fe10a1f994a9d2d81d46a","/favicon.ico":"eae62e993eb980ec8a25058c39d5a51feab118bd2100c4deebb2a9c158ec11f9","/index.html":"92da6bcb26c3ff1ae904dec9ff684204af61966dc0e98e740860974252f66670","/logo192.png":"3ee59515172ee198f3be375979df15ac5345183e656720a381b8872b2a39dc8b","/logo512.png":"ee7e2f3fdb8209c4b6fd7bef6ba50d1b9dba30a25bb5c3126df057e1cb6f5331","/manifest.json":"aff3449bdc238776f5d6d967f19ec491b36aed5fb7f23ccff6500736fd58494a","/projects.json":"12c81434330df479826c889f25b7ce26841f19b0e6f5aada9ceae701ae92cc65","/robots.txt":"bfe106a3fb878dc83461c86818bf74fc1bdc7f28538ba613cd3e775516ce8b49","/static/css/main.a4bf2ce1.css":"ad93ecb793aabd31d0def419aaa3cc527574737e7e72fe6684f8a1d4ae2569d6","/static/css/main.a4bf2ce1.css.map":"96f5fe3ca6e68009c1343581837f8349d0bc026ea8be593902a6edc1dd3a5647","/static/js/787.128fc6e9.chunk.js":"dd557db2d92369b1ab0d9898ee62d4b794831f52ceb06c92a64e868ab9921b44","/static/js/787.128fc6e9.chunk.js.map":"a2a883a6aa790be9b40a1853e7adecb03d6bcc9341b768d5500124ca99809e50","/static/js/main.3c2ba98d.js":"d602a9eed3de2e284945546e9153a2d1f22fd27e3b34ae93e1dfaa445df443d6","/static/js/main.3c2ba98d.js.LICENSE.txt":"a1e10079e8155bc5525d13d0464e64acbd892cb93e51621cce5f31f1c4cc8fe3","/static/js/main.3c2ba98d.js.map":"7fd6623b89b7724524e28c90bbfc1041bb3dc4458ee38087fa1398421d8df40f","/static/media/figma.72fbc535ebe253a5dbc4.png":"8066f27819bf510797a4125adf6f3ee324c109a66078b7ac3b168c51f535f95d","/static/media/js.6b8f1d21e031c402a65f.png":"ed0f24f58077398991ac13b2465b07d812d4e6a1019c388c3159fcd5a46e702c","/static/media/photo.36b869233c6b02b6d3ad.png":"f79b47fe593f6c5a85aa801333eeea8a945d81cdbfe7a20d2c80ea49428f4246","/static/media/photo2.96746733159a264bb9d5.png":"5a0c2b9e4ee94b9abab12bc784595ce6c8fc9780298ae6ad2eb2ca112f6aec12","/static/media/react.86c8d9eba03e29814d2a.png":"69a69128ae2500aeb08d2e1398408ed9599cd4f7d81eab17c5ae5e11dc975fcf"}}
[debug] [2022-06-09T17:10:08.067Z] <<< [apiv2][status] POST https://firebasehosting.googleapis.com/v1beta1/projects/558394801912/sites/my-portfolio-4befe/versions/8a682a290bf2b2db:populateFiles 200
[debug] [2022-06-09T17:10:08.068Z] <<< [apiv2][body] POST https://firebasehosting.googleapis.com/v1beta1/projects/558394801912/sites/my-portfolio-4befe/versions/8a682a290bf2b2db:populateFiles {"uploadRequiredHashes":["5a0c2b9e4ee94b9abab12bc784595ce6c8fc9780298ae6ad2eb2ca112f6aec12","7fd6623b89b7724524e28c90bbfc1041bb3dc4458ee38087fa1398421d8df40f","f79b47fe593f6c5a85aa801333eeea8a945d81cdbfe7a20d2c80ea49428f4246"],"uploadUrl":"https://upload-firebasehosting.googleapis.com/upload/sites/my-portfolio-4befe/versions/8a682a290bf2b2db/files"}
[debug] [2022-06-09T17:10:08.070Z] >>> [apiv2][query] POST https://upload-firebasehosting.googleapis.com/upload/sites/my-portfolio-4befe/versions/8a682a290bf2b2db/files/5a0c2b9e4ee94b9abab12bc784595ce6c8fc9780298ae6ad2eb2ca112f6aec12 [none]
[debug] [2022-06-09T17:10:08.070Z] >>> [apiv2][body] POST https://upload-firebasehosting.googleapis.com/upload/sites/my-portfolio-4befe/versions/8a682a290bf2b2db/files/5a0c2b9e4ee94b9abab12bc784595ce6c8fc9780298ae6ad2eb2ca112f6aec12 [stream]
[debug] [2022-06-09T17:10:08.072Z] >>> [apiv2][query] POST https://upload-firebasehosting.googleapis.com/upload/sites/my-portfolio-4befe/versions/8a682a290bf2b2db/files/7fd6623b89b7724524e28c90bbfc1041bb3dc4458ee38087fa1398421d8df40f [none]
[debug] [2022-06-09T17:10:08.072Z] >>> [apiv2][body] POST https://upload-firebasehosting.googleapis.com/upload/sites/my-portfolio-4befe/versions/8a682a290bf2b2db/files/7fd6623b89b7724524e28c90bbfc1041bb3dc4458ee38087fa1398421d8df40f [stream]
[debug] [2022-06-09T17:10:08.074Z] >>> [apiv2][query] POST https://upload-firebasehosting.googleapis.com/upload/sites/my-portfolio-4befe/versions/8a682a290bf2b2db/files/f79b47fe593f6c5a85aa801333eeea8a945d81cdbfe7a20d2c80ea49428f4246 [none]
[debug] [2022-06-09T17:10:08.074Z] >>> [apiv2][body] POST https://upload-firebasehosting.googleapis.com/upload/sites/my-portfolio-4befe/versions/8a682a290bf2b2db/files/f79b47fe593f6c5a85aa801333eeea8a945d81cdbfe7a20d2c80ea49428f4246 [stream]
[debug] [2022-06-09T17:10:08.075Z] [hosting][populate queue][FINAL] {"max":3195,"min":3195,"avg":3195,"active":0,"complete":1,"success":1,"errored":0,"retried":0,"total":1,"elapsed":3200}
[debug] [2022-06-09T17:10:08.076Z] [hosting] uploads queued: 3
[debug] [2022-06-09T17:10:20.261Z] [uploadQueue] Retrying task 7fd6623b89b7724524e28c90bbfc1041bb3dc4458ee38087fa1398421d8df40f
[debug] [2022-06-09T17:10:20.262Z] >>> [apiv2][query] POST https://upload-firebasehosting.googleapis.com/upload/sites/my-portfolio-4befe/versions/8a682a290bf2b2db/files/7fd6623b89b7724524e28c90bbfc1041bb3dc4458ee38087fa1398421d8df40f [none]
[debug] [2022-06-09T17:10:20.262Z] >>> [apiv2][body] POST https://upload-firebasehosting.googleapis.com/upload/sites/my-portfolio-4befe/versions/8a682a290bf2b2db/files/7fd6623b89b7724524e28c90bbfc1041bb3dc4458ee38087fa1398421d8df40f [stream]
[debug] [2022-06-09T17:10:38.475Z] [uploadQueue] Retrying task 5a0c2b9e4ee94b9abab12bc784595ce6c8fc9780298ae6ad2eb2ca112f6aec12
[debug] [2022-06-09T17:10:38.477Z] >>> [apiv2][query] POST https://upload-firebasehosting.googleapis.com/upload/sites/my-portfolio-4befe/versions/8a682a290bf2b2db/files/5a0c2b9e4ee94b9abab12bc784595ce6c8fc9780298ae6ad2eb2ca112f6aec12 [none]
[debug] [2022-06-09T17:10:38.477Z] >>> [apiv2][body] POST https://upload-firebasehosting.googleapis.com/upload/sites/my-portfolio-4befe/versions/8a682a290bf2b2db/files/5a0c2b9e4ee94b9abab12bc784595ce6c8fc9780298ae6ad2eb2ca112f6aec12 [stream]
[debug] [2022-06-09T17:10:38.482Z] [uploadQueue] Retrying task f79b47fe593f6c5a85aa801333eeea8a945d81cdbfe7a20d2c80ea49428f4246
[debug] [2022-06-09T17:10:38.484Z] >>> [apiv2][query] POST https://upload-firebasehosting.googleapis.com/upload/sites/my-portfolio-4befe/versions/8a682a290bf2b2db/files/f79b47fe593f6c5a85aa801333eeea8a945d81cdbfe7a20d2c80ea49428f4246 [none]
[debug] [2022-06-09T17:10:38.485Z] >>> [apiv2][body] POST https://upload-firebasehosting.googleapis.com/upload/sites/my-portfolio-4befe/versions/8a682a290bf2b2db/files/f79b47fe593f6c5a85aa801333eeea8a945d81cdbfe7a20d2c80ea49428f4246 [stream]
[debug] [2022-06-09T17:11:09.302Z] [uploadQueue] Retrying task 5a0c2b9e4ee94b9abab12bc784595ce6c8fc9780298ae6ad2eb2ca112f6aec12
[debug] [2022-06-09T17:11:09.304Z] >>> [apiv2][query] POST https://upload-firebasehosting.googleapis.com/upload/sites/my-portfolio-4befe/versions/8a682a290bf2b2db/files/5a0c2b9e4ee94b9abab12bc784595ce6c8fc9780298ae6ad2eb2ca112f6aec12 [none]
[debug] [2022-06-09T17:11:09.305Z] >>> [apiv2][body] POST https://upload-firebasehosting.googleapis.com/upload/sites/my-portfolio-4befe/versions/8a682a290bf2b2db/files/5a0c2b9e4ee94b9abab12bc784595ce6c8fc9780298ae6ad2eb2ca112f6aec12 [stream]
[debug] [2022-06-09T17:11:09.308Z] [uploadQueue] Retrying task f79b47fe593f6c5a85aa801333eeea8a945d81cdbfe7a20d2c80ea49428f4246
[debug] [2022-06-09T17:11:09.309Z] >>> [apiv2][query] POST https://upload-firebasehosting.googleapis.com/upload/sites/my-portfolio-4befe/versions/8a682a290bf2b2db/files/f79b47fe593f6c5a85aa801333eeea8a945d81cdbfe7a20d2c80ea49428f4246 [none]
[debug] [2022-06-09T17:11:09.310Z] >>> [apiv2][body] POST https://upload-firebasehosting.googleapis.com/upload/sites/my-portfolio-4befe/versions/8a682a290bf2b2db/files/f79b47fe593f6c5a85aa801333eeea8a945d81cdbfe7a20d2c80ea49428f4246 [stream]
[debug] [2022-06-09T17:11:21.867Z] [uploadQueue] Retrying task 7fd6623b89b7724524e28c90bbfc1041bb3dc4458ee38087fa1398421d8df40f
[debug] [2022-06-09T17:11:21.869Z] >>> [apiv2][query] POST https://upload-firebasehosting.googleapis.com/upload/sites/my-portfolio-4befe/versions/8a682a290bf2b2db/files/7fd6623b89b7724524e28c90bbfc1041bb3dc4458ee38087fa1398421d8df40f [none]
[debug] [2022-06-09T17:11:21.869Z] >>> [apiv2][body] POST https://upload-firebasehosting.googleapis.com/upload/sites/my-portfolio-4befe/versions/8a682a290bf2b2db/files/7fd6623b89b7724524e28c90bbfc1041bb3dc4458ee38087fa1398421d8df40f [stream]
